2024-05-30 08:32:59 info: Listening on http://localhost:3000/
2024-05-30 08:33:00 info: DB connection successful
2024-05-30 08:36:38
     info: Listening on http://localhost:3000/
2024-05-30 08:36:39
     info: DB connection successful
2024-05-30 08:49:51
     info: Listening on http://localhost:3000/
2024-05-30 08:49:52
     info: DB connection successful
2024-05-30 08:55:21
     info: Listening on http://localhost:3000/
2024-05-30 08:55:22
     info: DB connection successful
2024-05-30 08:55:24
     info: Listening on http://localhost:3000/
2024-05-30 08:55:25
     info: DB connection successful
2024-05-30 08:55:29
     info: Listening on http://localhost:3000/
2024-05-30 08:55:30
     info: DB connection successful
2024-05-30 08:55:32
     info: Listening on http://localhost:3000/
2024-05-30 08:55:33
     info: DB connection successful
2024-05-30 08:55:34
     info: Listening on http://localhost:3000/
2024-05-30 08:55:35
     info: DB connection successful
2024-05-30 08:55:36
     info: Listening on http://localhost:3000/
2024-05-30 08:55:38
     info: DB connection successful
2024-05-30 08:55:39
     info: Listening on http://localhost:3000/
2024-05-30 08:55:40
     info: DB connection successful
2024-05-30 08:55:55
     info: Listening on http://localhost:3000/
2024-05-30 08:55:56
     info: DB connection successful
2024-05-30 08:55:56
     info: Listening on http://localhost:3000/
2024-05-30 08:55:57
     info: DB connection successful
2024-05-30 08:56:00
     info: Listening on http://localhost:3000/
2024-05-30 08:56:00
     info: DB connection successful
2024-05-30 08:56:09
     info: Listening on http://localhost:3000/
2024-05-30 08:56:10
     info: DB connection successful
2024-05-30 08:56:17
     info: Listening on http://localhost:3000/
2024-05-30 08:56:18
     info: DB connection successful
2024-05-30 08:56:20
     info: Listening on http://localhost:3000/
2024-05-30 08:56:21
     info: DB connection successful
2024-05-30 08:56:25
     info: Listening on http://localhost:3000/
2024-05-30 08:56:26
     info: DB connection successful
2024-05-30 08:56:31
     info: Listening on http://localhost:3000/
2024-05-30 08:56:32
     info: DB connection successful
2024-05-30 08:56:34
     info: Listening on http://localhost:3000/
2024-05-30 08:56:35
     info: DB connection successful
2024-05-30 08:56:41
     info: Listening on http://localhost:3000/
2024-05-30 08:56:42
     info: DB connection successful
2024-05-30 08:56:46
     info: Listening on http://localhost:3000/
2024-05-30 08:56:46
     info: DB connection successful
2024-05-30 08:56:48
     info: Listening on http://localhost:3000/
2024-05-30 08:56:48
     info: DB connection successful
2024-05-30 08:56:50
     info: Listening on http://localhost:3000/
2024-05-30 08:56:51
     info: DB connection successful
2024-05-30 08:56:51
     info: Listening on http://localhost:3000/
2024-05-30 08:56:52
     info: DB connection successful
2024-05-30 08:57:04
     info: Listening on http://localhost:3000/
2024-05-30 08:57:05
     info: DB connection successful
2024-05-30 08:57:09
     info: Listening on http://localhost:3000/
2024-05-30 08:57:10
     info: DB connection successful
2024-05-30 08:57:12
     info: Listening on http://localhost:3000/
2024-05-30 08:57:13
     info: DB connection successful
2024-05-30 08:57:17
     info: Listening on http://localhost:3000/
2024-05-30 08:57:18
     info: DB connection successful
2024-05-30 08:57:28
     info: Listening on http://localhost:3000/
2024-05-30 08:57:29
     info: DB connection successful
2024-05-30 08:58:21
     info: Listening on http://localhost:3000/
2024-05-30 08:58:22
     info: DB connection successful
2024-05-30 08:58:23
     info: Listening on http://localhost:3000/
2024-05-30 08:58:25
     info: DB connection successful
2024-05-30 08:58:26
     info: Listening on http://localhost:3000/
2024-05-30 08:58:27
     info: DB connection successful
2024-05-30 08:58:28
     info: Listening on http://localhost:3000/
2024-05-30 08:58:29
     info: DB connection successful
2024-05-30 08:58:33
     info: Listening on http://localhost:3000/
2024-05-30 08:58:34
     info: DB connection successful
2024-05-30 08:58:37
     info: Listening on http://localhost:3000/
2024-05-30 08:58:38
     info: DB connection successful
2024-05-30 08:58:42
     info: Listening on http://localhost:3000/
2024-05-30 08:58:43
     info: DB connection successful
2024-05-30 08:58:43
     info: Listening on http://localhost:3000/
2024-05-30 08:58:44
     info: DB connection successful
2024-05-30 08:58:45
     info: Listening on http://localhost:3000/
2024-05-30 08:58:46
     info: DB connection successful
2024-05-30 08:58:47
     info: Listening on http://localhost:3000/
2024-05-30 08:58:48
     info: DB connection successful
2024-05-30 08:58:50
     info: Listening on http://localhost:3000/
2024-05-30 08:58:51
     info: DB connection successful
2024-05-30 08:58:53
     info: Listening on http://localhost:3000/
2024-05-30 08:58:54
     info: DB connection successful
2024-05-30 08:58:57
     info: Listening on http://localhost:3000/
2024-05-30 08:58:58
     info: DB connection successful
2024-05-30 08:59:04
     info: Listening on http://localhost:3000/
2024-05-30 08:59:05
     info: DB connection successful
2024-05-30 08:59:15
     info: Listening on http://localhost:3000/
2024-05-30 08:59:16
     info: DB connection successful
2024-05-30 08:59:16
     info: Listening on http://localhost:3000/
2024-05-30 08:59:18
     info: Listening on http://localhost:3000/
2024-05-30 08:59:20
     info: DB connection successful
2024-05-30 08:59:26
     info: Listening on http://localhost:3000/
2024-05-30 08:59:28
     info: Listening on http://localhost:3000/
2024-05-30 08:59:29
     info: DB connection successful
2024-05-30 09:00:04
     info: Listening on http://localhost:3000/
2024-05-30 09:00:05
     info: DB connection successful
2024-05-30 09:00:06
     info: Listening on http://localhost:3000/
2024-05-30 09:00:07
     info: DB connection successful
2024-05-30 09:00:11
     info: Listening on http://localhost:3000/
2024-05-30 09:00:12
     info: DB connection successful
2024-05-30 09:00:14
     info: Listening on http://localhost:3000/
2024-05-30 09:00:14
     info: DB connection successful
2024-05-30 09:00:50
     info: Listening on http://localhost:3000/
2024-05-30 09:00:51
     info: DB connection successful
2024-05-30 09:00:54
     info: Listening on http://localhost:3000/
2024-05-30 09:00:55
     info: DB connection successful
2024-05-30 09:00:56
     info: Listening on http://localhost:3000/
2024-05-30 09:00:57
     info: DB connection successful
2024-05-30 09:01:01
     info: Listening on http://localhost:3000/
2024-05-30 09:01:02
     info: DB connection successful
2024-05-30 09:01:04
     info: Listening on http://localhost:3000/
2024-05-30 09:01:05
     info: DB connection successful
2024-05-30 09:01:08
     info: Listening on http://localhost:3000/
2024-05-30 09:01:09
     info: Listening on http://localhost:3000/
2024-05-30 09:01:10
     info: DB connection successful
2024-05-30 09:01:12
     info: Listening on http://localhost:3000/
2024-05-30 09:01:13
     info: DB connection successful
2024-05-30 09:08:17
     info: Listening on http://localhost:3000/
2024-05-30 09:08:19
     info: DB connection successful
2024-05-30 12:06:23
     info: Listening on http://localhost:3000/
2024-05-30 12:06:24
     info: DB connection successful
2024-05-30 12:06:28
     info: Listening on http://localhost:3000/
2024-05-30 12:06:28
     info: DB connection successful
2024-05-30 12:06:29
     info: Listening on http://localhost:3000/
2024-05-30 12:06:30
     info: DB connection successful
2024-05-30 12:07:10
     info: Listening on http://localhost:3000/
2024-05-30 12:07:11
     info: DB connection successful
2024-05-30 12:08:14
     info: Listening on http://localhost:3000/
2024-05-30 12:08:15
     info: DB connection successful
2024-05-30 12:08:31
     info: Listening on http://localhost:3000/
2024-05-30 12:08:32
     info: DB connection successful
2024-05-30 12:09:35
     info: Listening on http://localhost:3000/
2024-05-30 12:09:36
     info: DB connection successful
2024-05-30 12:10:02
     info: Listening on http://localhost:3000/
2024-05-30 12:10:03
     info: DB connection successful
2024-05-30 12:10:04
     info: Listening on http://localhost:3000/
2024-05-30 12:10:05
     info: DB connection successful
2024-05-30 12:10:05
     info: Listening on http://localhost:3000/
2024-05-30 12:10:06
     info: DB connection successful
2024-05-30 12:10:10
     info: Listening on http://localhost:3000/
2024-05-30 12:10:10
     info: Listening on http://localhost:3000/
2024-05-30 12:10:11
     info: DB connection successful
2024-05-30 12:10:24
     info: Listening on http://localhost:3000/
2024-05-30 12:10:25
     info: DB connection successful
2024-05-30 12:12:13
     info: Listening on http://localhost:3000/
2024-05-30 12:12:14
     info: DB connection successful
2024-05-30 12:12:16
     info: Listening on http://localhost:3000/
2024-05-30 12:12:17
     info: DB connection successful
2024-05-30 12:12:18
     info: Listening on http://localhost:3000/
2024-05-30 12:12:19
     info: DB connection successful
2024-05-30 12:14:18
     info: Listening on http://localhost:3000/
2024-05-30 12:14:19
     info: DB connection successful
2024-05-30 12:14:19
     info: Listening on http://localhost:3000/
2024-05-30 12:14:21
     info: Listening on http://localhost:3000/
2024-05-30 12:14:22
     info: DB connection successful
2024-05-30 12:14:26
     info: Listening on http://localhost:3000/
2024-05-30 12:14:28
     info: DB connection successful
2024-05-30 12:14:30
     info: Listening on http://localhost:3000/
2024-05-30 12:14:32
     info: Listening on http://localhost:3000/
2024-05-30 12:14:33
     info: DB connection successful
2024-05-30 12:15:26
     info: Listening on http://localhost:3000/
2024-05-30 12:15:27
     info: DB connection successful
2024-05-30 12:23:28
     info: Listening on http://localhost:3000/
2024-05-30 12:23:28
     info: DB connection successful
2024-05-30 12:23:32
     info: Listening on http://localhost:3000/
2024-05-30 12:23:32
     info: DB connection successful
2024-05-30 12:27:39
     info: Listening on http://localhost:3000/
2024-05-30 12:27:40
     info: DB connection successful
2024-05-30 12:30:03
     info: Listening on http://localhost:3000/
2024-05-30 12:30:04
     info: DB connection successful
2024-05-30 12:30:22
     info: Listening on http://localhost:3000/
2024-05-30 12:30:23
     info: DB connection successful
2024-05-30 12:30:56
     info: Listening on http://localhost:3000/
2024-05-30 12:30:57
     info: DB connection successful
2024-05-30 12:31:02
     info: Listening on http://localhost:3000/
2024-05-30 12:31:03
     info: DB connection successful
2024-05-30 12:32:38
     info: Listening on http://localhost:3000/
2024-05-30 12:32:39
     info: DB connection successful
2024-05-30 12:32:40
     info: Listening on http://localhost:3000/
2024-05-30 12:32:41
     info: DB connection successful
2024-05-30 12:32:58
     info: Listening on http://localhost:3000/
2024-05-30 12:32:59
     info: DB connection successful
2024-05-30 12:33:00
     info: Listening on http://localhost:3000/
2024-05-30 12:33:01
     info: Listening on http://localhost:3000/
2024-05-30 12:33:02
     info: DB connection successful
2024-05-30 12:33:26
     info: Listening on http://localhost:3000/
2024-05-30 12:33:27
     info: Listening on http://localhost:3000/
2024-05-30 12:33:28
     info: DB connection successful
2024-05-30 12:33:35
     info: Listening on http://localhost:3000/
2024-05-30 12:33:36
     info: Listening on http://localhost:3000/
2024-05-30 12:33:37
     info: DB connection successful
2024-05-30 12:33:42
     info: Listening on http://localhost:3000/
2024-05-30 12:33:43
     info: DB connection successful
2024-05-30 12:33:44
     info: Listening on http://localhost:3000/
2024-05-30 12:33:45
     info: DB connection successful
2024-05-30 12:33:47
     info: Listening on http://localhost:3000/
2024-05-30 12:33:48
     info: DB connection successful
2024-05-30 12:34:47
     info: Listening on http://localhost:3000/
2024-05-30 12:34:48
     info: DB connection successful
2024-05-30 12:34:51
     info: Listening on http://localhost:3000/
2024-05-30 12:34:52
     info: DB connection successful
2024-05-30 12:34:52
     info: Listening on http://localhost:3000/
2024-05-30 12:34:53
     info: DB connection successful
2024-05-30 12:35:09
     info: Listening on http://localhost:3000/
2024-05-30 12:35:10
     info: DB connection successful
2024-05-31 17:58:28
     info: Listening on http://localhost:3000/
2024-05-31 17:58:29
     info: DB connection successful
2024-05-31 17:58:30
     info: Listening on http://localhost:3000/
2024-05-31 17:58:31
     info: DB connection successful
2024-05-31 17:58:50
     info: Listening on http://localhost:3000/
2024-05-31 17:58:51
     info: DB connection successful
2024-05-31 17:58:52
     info: Listening on http://localhost:3000/
2024-05-31 17:58:53
     info: DB connection successful
2024-05-31 17:58:57
     info: Listening on http://localhost:3000/
2024-05-31 17:58:58
     info: DB connection successful
2024-05-31 17:58:59
     info: Listening on http://localhost:3000/
2024-05-31 17:59:00
     info: DB connection successful
2024-05-31 17:59:01
     info: Listening on http://localhost:3000/
2024-05-31 17:59:02
     info: DB connection successful
2024-05-31 17:59:03
     info: Listening on http://localhost:3000/
2024-05-31 17:59:04
     info: DB connection successful
2024-05-31 17:59:06
     info: Listening on http://localhost:3000/
2024-05-31 17:59:07
     info: Listening on http://localhost:3000/
2024-05-31 17:59:08
     info: DB connection successful
2024-05-31 17:59:11
     info: Listening on http://localhost:3000/
2024-05-31 17:59:12
     info: Listening on http://localhost:3000/
2024-05-31 17:59:13
     info: DB connection successful
2024-05-31 17:59:14
     info: Listening on http://localhost:3000/
2024-05-31 17:59:15
     info: DB connection successful
2024-05-31 17:59:18
     info: Listening on http://localhost:3000/
2024-05-31 17:59:19
     info: DB connection successful
2024-05-31 17:59:23
     info: Listening on http://localhost:3000/
2024-05-31 17:59:24
     info: DB connection successful
2024-05-31 17:59:24
     info: Listening on http://localhost:3000/
2024-05-31 17:59:25
     info: DB connection successful
2024-05-31 17:59:28
     info: Listening on http://localhost:3000/
2024-05-31 17:59:29
     info: DB connection successful
2024-05-31 17:59:30
     info: Listening on http://localhost:3000/
2024-05-31 17:59:31
     info: DB connection successful
2024-05-31 17:59:32
     info: Listening on http://localhost:3000/
2024-05-31 17:59:33
     info: DB connection successful
2024-05-31 17:59:36
     info: Listening on http://localhost:3000/
2024-05-31 17:59:37
     info: DB connection successful
2024-05-31 18:00:04
     info: Listening on http://localhost:3000/
2024-05-31 18:00:05
     info: DB connection successful
2024-05-31 18:00:10
     info: Listening on http://localhost:3000/
2024-05-31 18:00:11
     info: Listening on http://localhost:3000/
2024-05-31 18:00:11
     info: DB connection successful
2024-05-31 18:00:16
     info: Listening on http://localhost:3000/
2024-05-31 18:00:17
     info: DB connection successful
2024-05-31 18:00:19
     info: Listening on http://localhost:3000/
2024-05-31 18:00:20
     info: DB connection successful
2024-05-31 18:00:21
     info: Listening on http://localhost:3000/
2024-05-31 18:00:21
     info: DB connection successful
2024-05-31 18:00:23
     info: Listening on http://localhost:3000/
2024-05-31 18:00:24
     info: Listening on http://localhost:3000/
2024-05-31 18:00:25
     info: DB connection successful
2024-05-31 18:00:29
     info: Listening on http://localhost:3000/
2024-05-31 18:00:30
     info: DB connection successful
2024-05-31 18:00:34
     info: Listening on http://localhost:3000/
2024-05-31 18:00:35
     info: DB connection successful
2024-05-31 18:00:39
     info: Listening on http://localhost:3000/
2024-05-31 18:00:39
     info: DB connection successful
2024-05-31 18:00:40
     info: Listening on http://localhost:3000/
2024-05-31 18:00:41
     info: DB connection successful
2024-05-31 18:00:43
     info: Listening on http://localhost:3000/
2024-05-31 18:00:44
     info: DB connection successful
2024-05-31 18:00:45
     info: Listening on http://localhost:3000/
2024-05-31 18:00:46
     info: DB connection successful
2024-05-31 18:00:47
     info: Listening on http://localhost:3000/
2024-05-31 18:00:48
     info: DB connection successful
2024-05-31 18:00:55
     info: Listening on http://localhost:3000/
2024-05-31 18:00:55
     info: DB connection successful
2024-05-31 18:00:57
     info: Listening on http://localhost:3000/
2024-05-31 18:00:58
     info: DB connection successful
2024-05-31 18:01:28
     info: Listening on http://localhost:3000/
2024-05-31 18:01:29
     info: Listening on http://localhost:3000/
2024-05-31 18:01:30
     info: DB connection successful
2024-05-31 18:01:32
     info: Listening on http://localhost:3000/
2024-05-31 18:01:33
     info: DB connection successful
2024-05-31 18:01:36
     info: Listening on http://localhost:3000/
2024-05-31 18:01:37
     info: DB connection successful
2024-05-31 18:01:38
     info: Listening on http://localhost:3000/
2024-05-31 18:01:39
     info: DB connection successful
2024-05-31 18:01:40
     info: Listening on http://localhost:3000/
2024-05-31 18:01:41
     info: DB connection successful
2024-05-31 18:01:45
     info: Listening on http://localhost:3000/
2024-05-31 18:01:46
     info: DB connection successful
2024-05-31 18:01:48
     info: Listening on http://localhost:3000/
2024-05-31 18:01:49
     info: DB connection successful
2024-05-31 18:01:57
     info: Listening on http://localhost:3000/
2024-05-31 18:01:58
     info: DB connection successful
2024-05-31 18:02:00
     info: Listening on http://localhost:3000/
2024-05-31 18:02:01
     info: DB connection successful
2024-05-31 18:02:02
     info: Listening on http://localhost:3000/
2024-05-31 18:02:03
     info: Listening on http://localhost:3000/
2024-05-31 18:02:04
     info: DB connection successful
2024-06-02 18:36:33
     info: Listening on http://localhost:3000/
2024-06-02 18:36:34
     info: DB connection successful
2024-06-02 18:37:43
     info: Listening on http://localhost:3000/
2024-06-02 18:37:44
     info: Listening on http://localhost:3000/
2024-06-02 18:37:45
     info: DB connection successful
2024-06-02 18:37:58
     info: Listening on http://localhost:3000/
2024-06-02 18:37:58
     info: DB connection successful
2024-06-02 18:38:26
     info: Listening on http://localhost:3000/
2024-06-02 18:38:27
     info: DB connection successful
2024-06-02 18:38:28
     info: Listening on http://localhost:3000/
2024-06-02 18:38:28
     info: DB connection successful
2024-06-02 18:38:38
     info: Listening on http://localhost:3000/
2024-06-02 18:38:39
     info: DB connection successful
2024-06-02 18:38:45
     info: Listening on http://localhost:3000/
2024-06-02 18:38:46
     info: DB connection successful
2024-06-02 18:38:51
     info: Listening on http://localhost:3000/
2024-06-02 18:38:52
     info: DB connection successful
2024-06-02 18:39:00
     info: Listening on http://localhost:3000/
2024-06-02 18:39:01
     info: DB connection successful
2024-06-02 21:39:40
     info: Listening on http://localhost:3000/
2024-06-02 21:39:41
     info: DB connection successful
2024-06-02 21:39:43
     info: Listening on http://localhost:3000/
2024-06-02 21:39:44
     info: DB connection successful
2024-06-02 21:39:57
     info: Listening on http://localhost:3000/
2024-06-02 21:39:58
     info: Listening on http://localhost:3000/
2024-06-02 21:39:58
     info: DB connection successful
2024-06-02 21:39:59
     info: Listening on http://localhost:3000/
2024-06-02 21:40:00
     info: Listening on http://localhost:3000/
2024-06-02 21:40:01
     info: DB connection successful
2024-06-02 21:40:22
     info: Listening on http://localhost:3000/
2024-06-02 21:40:23
     info: DB connection successful
2024-06-02 21:40:29
     info: Listening on http://localhost:3000/
2024-06-02 21:40:30
     info: DB connection successful
2024-06-02 21:40:44
     info: Listening on http://localhost:3000/
2024-06-02 21:40:45
     info: DB connection successful
2024-06-02 21:57:22
     info: Listening on http://localhost:3000/
2024-06-02 21:57:23
     info: DB connection successful
2024-06-02 21:58:12
     info: Listening on http://localhost:3000/
2024-06-02 21:58:13
     info: DB connection successful
2024-06-02 21:58:24
     info: Listening on http://localhost:3000/
2024-06-02 21:58:25
     info: DB connection successful
2024-06-02 22:29:28
     info: Listening on http://localhost:3000/
2024-06-02 22:29:29
     info: DB connection successful
2024-06-02 22:29:30
     info: Listening on http://localhost:3000/
2024-06-02 22:29:31
     info: DB connection successful
2024-06-02 22:29:42
     info: Listening on http://localhost:3000/
2024-06-02 22:29:42
     info: DB connection successful
2024-06-02 22:29:45
     info: Listening on http://localhost:3000/
2024-06-02 22:29:46
     info: Listening on http://localhost:3000/
2024-06-02 22:29:46
     info: DB connection successful
2024-06-02 22:30:19
     info: Listening on http://localhost:3000/
2024-06-02 22:30:20
     info: DB connection successful
2024-06-02 22:30:27
     info: Listening on http://localhost:3000/
2024-06-02 22:30:28
     info: DB connection successful
2024-06-02 22:30:29
     info: Listening on http://localhost:3000/
2024-06-02 22:30:30
     info: DB connection successful
2024-06-03 13:05:19
     info: Listening on http://localhost:3000/
2024-06-03 13:05:20
     info: Listening on http://localhost:3000/
2024-06-03 13:05:21
     info: DB connection successful
2024-06-03 13:05:36
     info: Listening on http://localhost:3000/
2024-06-03 13:05:37
     info: DB connection successful
2024-06-03 13:05:51
     info: Listening on http://localhost:3000/
2024-06-03 13:05:52
     info: DB connection successful
2024-06-03 13:05:53
     info: Listening on http://localhost:3000/
2024-06-03 13:05:54
     info: DB connection successful
2024-06-03 13:05:59
     info: Listening on http://localhost:3000/
2024-06-03 13:06:00
     info: DB connection successful
2024-06-03 13:06:00
     info: Listening on http://localhost:3000/
2024-06-03 13:06:01
     info: Listening on http://localhost:3000/
2024-06-03 13:06:02
     info: DB connection successful
2024-06-03 13:06:16
     info: Listening on http://localhost:3000/
2024-06-03 13:06:17
     info: DB connection successful
2024-06-03 13:06:21
     info: Listening on http://localhost:3000/
2024-06-03 13:06:22
     info: DB connection successful
2024-06-03 13:06:23
     info: Listening on http://localhost:3000/
2024-06-03 13:06:24
     info: DB connection successful
2024-06-03 13:06:25
     info: Listening on http://localhost:3000/
2024-06-03 13:06:26
     info: DB connection successful
2024-06-03 13:06:26
     info: Listening on http://localhost:3000/
2024-06-03 13:06:27
     info: Listening on http://localhost:3000/
2024-06-03 13:06:28
     info: Listening on http://localhost:3000/
2024-06-03 13:06:28
     info: DB connection successful
2024-06-03 13:06:32
     info: Listening on http://localhost:3000/
2024-06-03 13:06:33
     info: DB connection successful
2024-06-03 13:06:33
     info: Listening on http://localhost:3000/
2024-06-03 13:06:34
     info: DB connection successful
2024-06-03 13:06:35
     info: Listening on http://localhost:3000/
2024-06-03 13:06:35
     info: Listening on http://localhost:3000/
2024-06-03 13:06:36
     info: DB connection successful
2024-06-03 13:06:50
     info: Listening on http://localhost:3000/
2024-06-03 13:06:51
     info: DB connection successful
2024-06-03 13:06:59
     info: Listening on http://localhost:3000/
2024-06-03 13:07:00
     info: DB connection successful
2024-06-03 13:07:30
     info: Listening on http://localhost:3000/
2024-06-03 13:07:31
     info: DB connection successful
2024-06-03 13:07:36
     info: Listening on http://localhost:3000/
2024-06-03 13:07:37
     info: DB connection successful
2024-06-03 13:07:37
     info: Listening on http://localhost:3000/
2024-06-03 13:07:38
     info: DB connection successful
2024-06-03 13:07:39
     info: Listening on http://localhost:3000/
2024-06-03 13:07:40
     info: DB connection successful
2024-06-03 13:09:10
     info: Listening on http://localhost:3000/
2024-06-03 13:09:11
     info: DB connection successful
2024-06-03 13:09:38
     info: Listening on http://localhost:3000/
2024-06-03 13:09:39
     info: DB connection successful
2024-06-03 13:09:40
     info: Listening on http://localhost:3000/
2024-06-03 13:09:41
     info: DB connection successful
2024-06-03 13:10:07
     info: Listening on http://localhost:3000/
2024-06-03 13:10:08
     info: DB connection successful
2024-06-03 13:10:09
     info: Listening on http://localhost:3000/
2024-06-03 13:10:10
     info: DB connection successful
2024-06-03 13:10:13
     info: Listening on http://localhost:3000/
2024-06-03 13:10:14
     info: DB connection successful
2024-06-03 13:10:14
     info: Listening on http://localhost:3000/
2024-06-03 13:10:15
     info: DB connection successful
2024-06-03 13:13:48
     info: Listening on http://localhost:3000/
2024-06-03 13:13:49
     info: DB connection successful
2024-06-03 13:13:57
     info: Listening on http://localhost:3000/
2024-06-03 13:13:58
     info: DB connection successful
2024-06-03 13:14:14
     info: Listening on http://localhost:3000/
2024-06-03 13:14:15
     info: DB connection successful
2024-06-03 13:14:18
     info: Listening on http://localhost:3000/
2024-06-03 13:14:19
     info: DB connection successful
2024-06-03 13:14:23
     info: Listening on http://localhost:3000/
2024-06-03 13:14:23
     info: DB connection successful
2024-06-03 13:14:25
     info: Listening on http://localhost:3000/
2024-06-03 13:14:26
     info: DB connection successful
2024-06-03 13:14:36
     info: Listening on http://localhost:3000/
2024-06-03 13:14:37
     info: DB connection successful
2024-06-03 13:14:39
     info: Listening on http://localhost:3000/
2024-06-03 13:14:39
     info: DB connection successful
2024-06-03 13:14:49
     info: Listening on http://localhost:3000/
2024-06-03 13:14:50
     info: DB connection successful
2024-06-03 13:14:51
     info: Listening on http://localhost:3000/
2024-06-03 13:14:52
     info: DB connection successful
2024-06-03 13:14:55
     info: Listening on http://localhost:3000/
2024-06-03 13:14:56
     info: DB connection successful
2024-06-03 13:14:58
     info: Listening on http://localhost:3000/
2024-06-03 13:14:59
     info: DB connection successful
2024-06-03 13:15:48
     info: Listening on http://localhost:3000/
2024-06-03 13:15:48
     info: DB connection successful
2024-06-03 13:15:50
     info: Listening on http://localhost:3000/
2024-06-03 13:15:51
     info: DB connection successful
2024-06-03 13:15:52
     info: Listening on http://localhost:3000/
2024-06-03 13:15:53
     info: DB connection successful
2024-06-03 13:16:20
     info: Listening on http://localhost:3000/
2024-06-03 13:16:21
     info: DB connection successful
2024-06-03 13:16:38
     info: Listening on http://localhost:3000/
2024-06-03 13:16:39
     info: DB connection successful
2024-06-03 13:16:42
     info: Listening on http://localhost:3000/
2024-06-03 13:16:43
     info: DB connection successful
2024-06-03 13:16:54
     info: Listening on http://localhost:3000/
2024-06-03 13:16:55
     info: DB connection successful
2024-06-03 13:17:14
     info: Listening on http://localhost:3000/
2024-06-03 13:17:14
     info: DB connection successful
2024-06-03 13:17:22
     info: Listening on http://localhost:3000/
2024-06-03 13:17:23
     info: DB connection successful
2024-06-03 13:23:43
     info: Listening on http://localhost:3000/
2024-06-03 13:23:44
     info: DB connection successful
2024-06-03 13:23:45
     info: Listening on http://localhost:3000/
2024-06-03 13:23:46
     info: DB connection successful
2024-06-03 13:24:55
     info: Listening on http://localhost:3000/
2024-06-03 13:24:55
     info: Listening on http://localhost:3000/
2024-06-03 13:24:56
     info: DB connection successful
2024-06-03 13:25:16
     info: Listening on http://localhost:3000/
2024-06-03 13:25:17
     info: DB connection successful
2024-06-03 13:25:18
     info: Listening on http://localhost:3000/
2024-06-03 13:25:19
     info: DB connection successful
2024-06-03 13:25:19
     info: Listening on http://localhost:3000/
2024-06-03 13:25:20
     info: DB connection successful
2024-06-03 13:25:28
     info: Listening on http://localhost:3000/
2024-06-03 13:25:29
     info: DB connection successful
2024-06-03 13:25:29
     info: Listening on http://localhost:3000/
2024-06-03 13:25:30
     info: DB connection successful
2024-06-03 13:25:32
     info: Listening on http://localhost:3000/
2024-06-03 13:25:33
     info: DB connection successful
2024-06-03 13:25:36
     info: Listening on http://localhost:3000/
2024-06-03 13:25:37
     info: DB connection successful
2024-06-04 20:13:39
     info: Listening on http://localhost:3000/
2024-06-04 20:13:40
     info: Listening on http://localhost:3000/
2024-06-04 20:13:40
     info: DB connection successful
2024-06-04 20:13:42
     info: Listening on http://localhost:3000/
2024-06-04 20:13:43
     info: DB connection successful
2024-06-04 20:13:50
     info: Listening on http://localhost:3000/
2024-06-04 20:13:51
     info: DB connection successful
2024-06-04 20:14:56
     info: Listening on http://localhost:3000/
2024-06-04 20:14:57
     info: DB connection successful
2024-06-04 20:14:59
     info: Listening on http://localhost:3000/
2024-06-04 20:15:00
     info: DB connection successful
2024-06-04 20:15:04
     info: Listening on http://localhost:3000/
2024-06-04 20:15:05
     info: DB connection successful
2024-06-04 20:15:13
     info: Listening on http://localhost:3000/
2024-06-04 20:15:14
     info: DB connection successful
2024-06-04 20:15:15
     info: Listening on http://localhost:3000/
2024-06-04 20:15:16
     info: DB connection successful
2024-06-04 20:15:17
     info: Listening on http://localhost:3000/
2024-06-04 20:15:18
     info: DB connection successful
2024-06-04 20:15:22
     info: Listening on http://localhost:3000/
2024-06-04 20:15:23
     info: DB connection successful
2024-06-04 20:15:43
     info: Listening on http://localhost:3000/
2024-06-04 20:15:43
     info: DB connection successful
2024-06-04 20:15:45
     info: Listening on http://localhost:3000/
2024-06-04 20:15:46
     info: DB connection successful
2024-06-04 20:15:55
     info: Listening on http://localhost:3000/
2024-06-04 20:15:56
     info: DB connection successful
2024-06-04 20:15:58
     info: Listening on http://localhost:3000/
2024-06-04 20:15:59
     info: DB connection successful
2024-06-04 20:16:09
     info: Listening on http://localhost:3000/
2024-06-04 20:16:21
     info: Listening on http://localhost:3000/
2024-06-04 20:16:22
     info: Listening on http://localhost:3000/
2024-06-04 20:16:23
     info: DB connection successful
2024-06-04 20:16:36
     info: Listening on http://localhost:3000/
2024-06-04 20:16:37
     info: DB connection successful
2024-06-04 20:16:53
     info: Listening on http://localhost:3000/
2024-06-04 20:16:54
     info: DB connection successful
2024-06-04 20:28:44
     info: Listening on http://localhost:3000/
2024-06-04 20:28:45
     info: DB connection successful
2024-06-04 20:28:56
     error: UNHANDLED REJECTION 💥 Shutting down...
2024-06-04 20:28:56
     error: TypeError: Cannot read properties of undefined (reading 'jwt')
2024-06-04 20:30:09
     info: Listening on http://localhost:3000/
2024-06-04 20:30:09
     error: UNHANDLED REJECTION 💥 Shutting down...
2024-06-04 20:30:09
     error: TypeError: Cannot read properties of undefined (reading 'jwt')
2024-06-04 20:30:10
     info: DB connection successful
2024-06-04 20:30:17
     info: Listening on http://localhost:3000/
2024-06-04 20:30:18
     error: UNHANDLED REJECTION 💥 Shutting down...
2024-06-04 20:30:18
     error: TypeError: Cannot read properties of undefined (reading 'jwt')
2024-06-04 20:30:18
     info: DB connection successful
2024-06-04 20:30:18
     info: Listening on http://localhost:3000/
2024-06-04 20:30:19
     info: DB connection successful
2024-06-04 20:30:23
     error: UNHANDLED REJECTION 💥 Shutting down...
2024-06-04 20:30:23
     error: TypeError: Cannot read properties of undefined (reading 'jwt')
2024-06-04 20:30:23
     error: UNHANDLED REJECTION 💥 Shutting down...
2024-06-04 20:30:23
     error: TypeError: Cannot read properties of undefined (reading 'jwt')
2024-06-04 20:37:14
     info: Listening on http://localhost:3000/
2024-06-04 20:37:14
     error: UNHANDLED REJECTION 💥 Shutting down...
2024-06-04 20:37:14
     error: TypeError: Cannot read properties of undefined (reading 'jwt')
2024-06-04 20:37:15
     info: DB connection successful
2024-06-04 20:37:16
     info: Listening on http://localhost:3000/
2024-06-04 20:37:17
     error: UNHANDLED REJECTION 💥 Shutting down...
2024-06-04 20:37:17
     error: TypeError: Cannot read properties of undefined (reading 'jwt')
2024-06-04 20:37:18
     info: Listening on http://localhost:3000/
2024-06-04 20:37:19
     info: DB connection successful
2024-06-04 20:37:22
     error: UNHANDLED REJECTION 💥 Shutting down...
2024-06-04 20:37:22
     error: TypeError: Cannot read properties of undefined (reading 'jwt')
2024-06-04 20:38:42
     info: Listening on http://localhost:3000/
2024-06-04 20:38:43
     info: DB connection successful
2024-06-04 20:44:04
     error: UNHANDLED REJECTION 💥 Shutting down...
2024-06-04 20:44:04
     error: TypeError: Cannot read properties of undefined (reading 'jwt')
2024-06-04 20:44:07
     error: UNHANDLED REJECTION 💥 Shutting down...
2024-06-04 20:44:07
     error: TypeError: Cannot read properties of undefined (reading 'jwt')
2024-06-04 20:47:12
     info: Listening on http://localhost:3000/
2024-06-04 20:47:13
     info: DB connection successful
2024-06-04 20:47:22
     error: UNHANDLED REJECTION 💥 Shutting down...
2024-06-04 20:47:22
     error: TypeError: Cannot read properties of undefined (reading 'jwt')
2024-06-04 20:47:30
     error: UNHANDLED REJECTION 💥 Shutting down...
2024-06-04 20:47:30
     error: TypeError: Cannot read properties of undefined (reading 'jwt')
2024-06-04 20:48:13
     info: Listening on http://localhost:3000/
2024-06-04 20:48:14
     info: DB connection successful
2024-06-04 20:48:18
     error: UNHANDLED REJECTION 💥 Shutting down...
2024-06-04 20:48:18
     error: TypeError: Cannot read properties of undefined (reading 'jwt')
2024-06-04 20:49:48
     info: Listening on http://localhost:3000/
2024-06-04 20:49:49
     info: Listening on http://localhost:3000/
2024-06-04 20:49:50
     info: DB connection successful
2024-06-04 20:49:52
     error: UNHANDLED REJECTION 💥 Shutting down...
2024-06-04 20:49:52
     error: TypeError: Cannot read properties of undefined (reading 'jwt')
2024-06-04 20:52:10
     info: Listening on http://localhost:3000/
2024-06-04 20:52:11
     info: DB connection successful
2024-06-04 20:52:19
     info: Listening on http://localhost:3000/
2024-06-04 20:52:20
     info: DB connection successful
2024-06-04 20:52:37
     info: Listening on http://localhost:3000/
2024-06-04 20:52:38
     info: Listening on http://localhost:3000/
2024-06-04 20:52:39
     info: DB connection successful
2024-06-04 20:52:43
     error: UNHANDLED REJECTION 💥 Shutting down...
2024-06-04 20:52:43
     error: TypeError: Cannot read properties of undefined (reading 'jwt')
2024-06-04 20:52:57
     info: Listening on http://localhost:3000/
2024-06-04 20:52:58
     info: DB connection successful
2024-06-04 20:53:08
     error: UNHANDLED REJECTION 💥 Shutting down...
2024-06-04 20:53:08
     error: TypeError: Cannot read properties of undefined (reading 'jwt')
2024-06-04 20:53:12
     error: UNHANDLED REJECTION 💥 Shutting down...
2024-06-04 20:53:12
     error: TypeError: Cannot read properties of undefined (reading 'jwt')
2024-06-04 20:53:19
     info: Listening on http://localhost:3000/
2024-06-04 20:53:19
     error: UNHANDLED REJECTION 💥 Shutting down...
2024-06-04 20:53:19
     error: TypeError: Cannot read properties of undefined (reading 'jwt')
2024-06-04 20:53:20
     info: DB connection successful
2024-06-04 20:54:09
     info: Listening on http://localhost:3000/
2024-06-04 20:54:10
     error: UNHANDLED REJECTION 💥 Shutting down...
2024-06-04 20:54:10
     error: TypeError: Cannot read properties of undefined (reading 'jwt')
2024-06-04 20:54:10
     info: DB connection successful
2024-06-04 20:54:15
     error: UNHANDLED REJECTION 💥 Shutting down...
2024-06-04 20:54:15
     error: TypeError: Cannot read properties of undefined (reading 'jwt')
2024-07-04 10:27:09
     info: Listening on http://localhost:3000/
2024-07-04 10:27:10
     info: DB connection successful
2024-07-04 10:27:59
     info: Listening on http://localhost:3000/
2024-07-04 10:28:00
     info: DB connection successful
2024-07-04 10:28:24
     error: UNHANDLED REJECTION 💥 Shutting down...
2024-07-04 10:28:24
     error: TypeError: Cannot read properties of undefined (reading 'jwt')
2024-07-04 10:28:53
     info: Listening on http://localhost:3000/over
2024-07-04 10:28:54
     error: UNHANDLED REJECTION 💥 Shutting down...
2024-07-04 10:28:54
     error: TypeError: Cannot read properties of undefined (reading 'jwt')
2024-07-04 10:28:54
     info: DB connection successful
2024-07-04 10:28:55
     info: Listening on http://localhost:3000/overviews
2024-07-04 10:28:56
     info: DB connection successful
2024-07-04 10:29:00
     error: UNHANDLED REJECTION 💥 Shutting down...
2024-07-04 10:29:00
     error: TypeError: Cannot read properties of undefined (reading 'jwt')
2024-07-04 10:29:03
     info: Listening on http://localhost:3000/overview
2024-07-04 10:29:04
     info: DB connection successful
2024-07-04 10:29:09
     error: UNHANDLED REJECTION 💥 Shutting down...
2024-07-04 10:29:09
     error: TypeError: Cannot read properties of undefined (reading 'jwt')
2024-07-04 10:30:50
     info: Listening on http://localhost:3000
2024-07-04 10:30:50
     info: DB connection successful
2024-07-04 10:30:52
     info: Listening on http://localhost:3000/
2024-07-04 10:30:53
     info: DB connection successful
2024-07-04 10:30:54
     error: UNHANDLED REJECTION 💥 Shutting down...
2024-07-04 10:30:54
     error: TypeError: Cannot read properties of undefined (reading 'jwt')
2024-07-04 10:32:07
     info: Listening on http://localhost:3000/
2024-07-04 10:32:08
     info: DB connection successful
2024-07-04 10:33:11
     error: UNHANDLED REJECTION 💥 Shutting down...
2024-07-04 10:33:11
     error: TypeError: Cannot read properties of undefined (reading 'jwt')
2024-07-04 10:33:38
     info: Listening on http://localhost:3000/
2024-07-04 10:33:39
     info: DB connection successful
2024-07-04 10:33:46
     error: UNHANDLED REJECTION 💥 Shutting down...
2024-07-04 10:33:46
     error: TypeError: Cannot read properties of undefined (reading 'jwt')
2024-07-04 10:43:43
     info: Listening on http://localhost:3000/
2024-07-04 10:43:44
     info: DB connection successful
2024-07-04 10:43:47
     error: UNHANDLED REJECTION 💥 Shutting down...
2024-07-04 10:43:47
     error: TypeError: Cannot read properties of undefined (reading 'jwt')
2024-07-04 10:45:57
     info: Listening on http://localhost:3000/
2024-07-04 10:45:58
     info: DB connection successful
2024-07-04 10:46:54
     error: UNHANDLED REJECTION 💥 Shutting down...
2024-07-04 10:46:54
     error: TypeError: Cannot read properties of undefined (reading 'jwt')
2024-07-04 10:47:12
     info: Listening on http://localhost:3000/
2024-07-04 10:47:13
     error: UNHANDLED REJECTION 💥 Shutting down...
2024-07-04 10:47:13
     error: TypeError: Cannot read properties of undefined (reading 'jwt')
2024-07-04 10:47:13
     info: DB connection successful
2024-07-04 10:47:26
     info: Listening on http://localhost:3000/
2024-07-04 10:47:27
     info: DB connection successful
2024-07-04 10:47:29
     info: Listening on http://localhost:3000/
2024-07-04 10:47:29
     info: DB connection successful
2024-07-04 10:47:31
     error: UNHANDLED REJECTION 💥 Shutting down...
2024-07-04 10:47:31
     error: TypeError: Cannot read properties of undefined (reading 'jwt')
2024-07-04 10:47:51
     info: Listening on http://localhost:3000/
2024-07-04 10:47:51
     info: Listening on http://localhost:3000/
2024-07-04 10:47:52
     info: DB connection successful
2024-07-04 10:48:19
     error: UNHANDLED REJECTION 💥 Shutting down...
2024-07-04 10:48:19
     error: TypeError: Cannot read properties of undefined (reading 'jwt')
2024-07-04 10:48:31
     info: Listening on http://localhost:3000/
2024-07-04 10:48:32
     info: Listening on http://localhost:3000/
2024-07-04 10:48:33
     info: DB connection successful
2024-07-04 10:48:33
     error: UNHANDLED REJECTION 💥 Shutting down...
2024-07-04 10:48:33
     error: TypeError: Cannot read properties of undefined (reading 'jwt')
2024-07-04 10:48:36
     info: Listening on http://localhost:3000/
2024-07-04 10:48:37
     error: UNHANDLED REJECTION 💥 Shutting down...
2024-07-04 10:48:37
     error: TypeError: Cannot read properties of undefined (reading 'jwt')
2024-07-04 10:48:37
     info: DB connection successful
2024-07-04 10:49:35
     info: Listening on http://localhost:3000/
2024-07-04 10:49:36
     info: DB connection successful
2024-07-04 10:49:40
     error: UNHANDLED REJECTION 💥 Shutting down...
2024-07-04 10:49:40
     error: TypeError: Cannot read properties of undefined (reading 'jwt')
2024-07-04 10:49:42
     info: Listening on http://localhost:3000/
2024-07-04 10:49:42
     info: DB connection successful
2024-07-04 10:50:11
     error: UNHANDLED REJECTION 💥 Shutting down...
2024-07-04 10:50:11
     error: TypeError: Cannot read properties of undefined (reading 'jwt')
2024-07-04 10:51:09
     info: Listening on http://localhost:3000/
2024-07-04 10:51:10
     info: DB connection successful
2024-07-04 10:51:11
     info: Listening on http://localhost:3000/
2024-07-04 10:51:12
     info: DB connection successful
2024-07-04 10:52:20
     info: Listening on http://localhost:3000/
2024-07-04 10:52:21
     info: DB connection successful
2024-07-04 10:52:30
     info: Listening on http://localhost:3000/
2024-07-04 10:52:31
     info: DB connection successful
2024-07-04 10:52:31
     info: Listening on http://localhost:3000/
2024-07-04 10:52:32
     info: DB connection successful
2024-07-04 20:02:27
     info: Listening on http://localhost:3000/
2024-07-04 20:02:28
     info: DB connection successful
2024-07-04 20:02:33
     info: Listening on http://localhost:3000/
2024-07-04 20:02:34
     info: DB connection successful
2024-07-04 20:02:35
     info: Listening on http://localhost:3000/
2024-07-04 20:02:35
     info: DB connection successful
2024-07-04 20:02:36
     info: Listening on http://localhost:3000/
2024-07-04 20:02:37
     info: DB connection successful
2024-07-04 20:02:52
     error: UNHANDLED REJECTION 💥 Shutting down...
2024-07-04 20:02:52
     error: TypeError: Cannot read properties of undefined (reading 'jwt')
2024-07-04 20:03:44
     info: Listening on http://localhost:3000/
2024-07-04 20:03:45
     info: DB connection successful
2024-07-04 20:03:56
     error: UNHANDLED REJECTION 💥 Shutting down...
2024-07-04 20:03:56
     error: TypeError: Cannot read properties of undefined (reading 'jwt')
2024-07-04 20:09:57
     info: Listening on http://localhost:3000/
2024-07-04 20:09:58
     info: DB connection successful
2024-07-04 20:10:09
     error: UNHANDLED REJECTION 💥 Shutting down...
2024-07-04 20:10:09
     error: TypeError: Cannot read properties of undefined (reading 'jwt')
2024-07-04 20:10:54
     info: Listening on http://localhost:3000/
2024-07-04 20:10:55
     info: DB connection successful
2024-07-04 20:10:58
     error: UNHANDLED REJECTION 💥 Shutting down...
2024-07-04 20:10:58
     error: TypeError: Cannot read properties of undefined (reading 'jwt')
2024-07-04 20:11:24
     error: UNHANDLED REJECTION 💥 Shutting down...
2024-07-04 20:11:24
     error: TypeError: Cannot read properties of undefined (reading 'jwt')
2024-07-04 20:11:37
     info: Listening on http://localhost:3000/
2024-07-04 20:11:38
     info: DB connection successful
2024-07-04 20:11:50
     error: UNHANDLED REJECTION 💥 Shutting down...
2024-07-04 20:11:50
     error: TypeError: Cannot read properties of undefined (reading 'jwt')
2024-07-04 20:19:36
     info: Listening on http://localhost:3000/
2024-07-04 20:19:37
     info: DB connection successful
2024-07-04 20:19:44
     error: UNHANDLED REJECTION 💥 Shutting down...
2024-07-04 20:19:44
     error: TypeError: Cannot read properties of undefined (reading 'jwt')
2024-07-04 20:20:05
     info: Listening on http://localhost:3000/
2024-07-04 20:20:06
     error: UNHANDLED REJECTION 💥 Shutting down...
2024-07-04 20:20:06
     error: TypeError: Cannot read properties of undefined (reading 'jwt')
2024-07-04 20:20:06
     info: DB connection successful
2024-07-04 20:20:19
     info: Listening on http://localhost:3000/
2024-07-04 20:20:20
     info: DB connection successful
2024-07-04 20:20:22
     error: UNHANDLED REJECTION 💥 Shutting down...
2024-07-04 20:20:22
     error: TypeError: Cannot read properties of undefined (reading 'jwt')
2024-07-04 20:24:31
     info: Listening on http://localhost:3000/
2024-07-04 20:24:32
     info: DB connection successful
2024-07-04 20:25:45
     info: Listening on http://localhost:3000/
2024-07-04 20:25:46
     info: DB connection successful
2024-07-04 20:25:51
     info: Listening on http://localhost:3000/
2024-07-04 20:25:51
     info: DB connection successful
2024-07-04 20:26:12
     info: Listening on http://localhost:3000/
2024-07-04 20:26:13
     info: DB connection successful
2024-07-04 20:26:26
     info: Listening on http://localhost:3000/
2024-07-04 20:26:27
     info: DB connection successful
2024-07-04 20:26:43
     info: Listening on http://localhost:3000/
2024-07-04 20:26:44
     info: DB connection successful
2024-07-04 20:26:58
     info: Listening on http://localhost:3000/
2024-07-04 20:26:59
     info: Listening on http://localhost:3000/
2024-07-04 20:27:00
     info: DB connection successful
2024-07-04 20:27:04
     error: UNHANDLED REJECTION 💥 Shutting down...
2024-07-04 20:27:04
     error: TypeError: Cannot read properties of undefined (reading 'jwt')
2024-07-04 20:29:57
     info: Listening on http://localhost:3000/
2024-07-04 20:29:57
     info: DB connection successful
2024-07-04 20:45:43
     info: Listening on http://localhost:3000/
2024-07-04 20:45:44
     info: DB connection successful
2024-07-04 20:46:22
     info: Listening on http://localhost:3000/
2024-07-04 20:46:22
     info: DB connection successful
2024-07-04 20:49:28
     info: Listening on http://localhost:3000/
2024-07-04 20:49:29
     info: DB connection successful
2024-07-04 20:49:31
     info: Listening on http://localhost:3000/
2024-07-04 20:49:32
     info: DB connection successful
2024-07-04 20:49:33
     info: Listening on http://localhost:3000/
2024-07-04 20:49:34
     info: DB connection successful
2024-07-04 20:49:38
     info: Listening on http://localhost:3000/
2024-07-04 20:49:38
     info: DB connection successful
2024-07-04 20:49:39
     info: Listening on http://localhost:3000/
2024-07-04 20:49:40
     info: DB connection successful
2024-07-04 20:49:41
     info: Listening on http://localhost:3000/
2024-07-04 20:49:42
     info: DB connection successful
2024-07-04 20:49:44
     info: Listening on http://localhost:3000/
2024-07-04 20:49:45
     info: DB connection successful
2024-07-04 20:50:37
     info: Listening on http://localhost:3000/
2024-07-04 20:50:38
     info: DB connection successful
2024-07-04 20:50:39
     info: Listening on http://localhost:3000/
2024-07-04 20:50:40
     info: DB connection successful
2024-07-04 20:51:25
     info: Listening on http://localhost:3000/
2024-07-04 20:51:26
     info: Listening on http://localhost:3000/
2024-07-04 20:51:26
     info: DB connection successful
2024-07-04 21:00:30
     info: Listening on http://localhost:3000/
2024-07-04 21:00:31
     info: DB connection successful
2024-07-04 21:00:39
     info: Listening on http://localhost:3000/
2024-07-04 21:00:40
     info: DB connection successful
2024-07-04 21:03:45
     info: Listening on http://localhost:3000/
2024-07-04 21:03:46
     info: DB connection successful
2024-07-04 21:03:49
     info: Listening on http://localhost:3000/
2024-07-04 21:03:50
     info: DB connection successful
2024-07-04 21:03:53
     info: Listening on http://localhost:3000/
2024-07-04 21:03:54
     info: DB connection successful
2024-07-04 21:03:58
     info: Listening on http://localhost:3000/
2024-07-04 21:03:59
     info: Listening on http://localhost:3000/
2024-07-04 21:04:00
     info: DB connection successful
2024-07-04 21:04:14
     info: Listening on http://localhost:3000/
2024-07-04 21:04:15
     info: DB connection successful
2024-07-04 21:07:20
     info: Listening on http://localhost:3000/
2024-07-04 21:07:21
     info: DB connection successful
2024-07-04 21:07:40
     info: Listening on http://localhost:3000/
2024-07-04 21:07:40
     info: DB connection successful
2024-07-04 21:07:47
     info: Listening on http://localhost:3000/
2024-07-04 21:07:47
     info: DB connection successful
2024-07-04 21:13:52
     info: Listening on http://localhost:3000/
2024-07-04 21:13:53
     info: DB connection successful
2024-07-04 21:13:56
     info: Listening on http://localhost:3000/
2024-07-04 21:13:57
     info: DB connection successful
2024-07-04 21:14:01
     info: Listening on http://localhost:3000/
2024-07-04 21:14:02
     info: DB connection successful
2024-07-04 21:14:02
     info: Listening on http://localhost:3000/
2024-07-04 21:14:03
     info: Listening on http://localhost:3000/
2024-07-04 21:14:04
     info: DB connection successful
2024-07-04 21:14:06
     info: Listening on http://localhost:3000/
2024-07-04 21:14:06
     info: DB connection successful
2024-07-04 21:14:10
     info: Listening on http://localhost:3000/
2024-07-04 21:14:11
     info: DB connection successful
2024-07-04 21:20:27
     info: Listening on http://localhost:3000/
2024-07-04 21:20:28
     info: DB connection successful
2024-07-04 21:20:35
     info: Listening on http://localhost:3000/
2024-07-04 21:20:36
     info: DB connection successful
2024-07-04 21:20:43
     info: Listening on http://localhost:3000/
2024-07-04 21:20:44
     info: DB connection successful
2024-07-04 21:21:45
     info: Listening on http://localhost:3000/
2024-07-04 21:21:46
     info: DB connection successful
2024-07-04 21:21:46
     info: Listening on http://localhost:3000/
2024-07-04 21:21:47
     info: DB connection successful
2024-07-04 21:21:48
     info: Listening on http://localhost:3000/
2024-07-04 21:21:49
     info: DB connection successful
2024-07-04 21:22:06
     info: Listening on http://localhost:3000/
2024-07-04 21:22:07
     info: DB connection successful
2024-07-04 21:22:12
     info: Listening on http://localhost:3000/
2024-07-04 21:22:13
     info: DB connection successful
2024-07-08 10:31:58
     info: Listening on http://localhost:3000/
2024-07-08 10:31:59
     info: DB connection successful
2024-07-08 10:40:05
     info: Listening on http://localhost:3000/
2024-07-08 10:40:06
     info: DB connection successful
2024-07-08 10:42:53
     info: Listening on http://localhost:3000/
2024-07-08 10:42:54
     info: DB connection successful
2024-07-08 10:42:56
     info: Listening on http://localhost:3000/
2024-07-08 10:42:56
     info: DB connection successful
2024-07-08 10:42:57
     info: Listening on http://localhost:3000/
2024-07-08 10:42:58
     info: DB connection successful
2024-07-08 10:43:01
     info: Listening on http://localhost:3000/
2024-07-08 10:43:02
     info: DB connection successful
2024-07-08 10:43:08
     info: Listening on http://localhost:3000/
2024-07-08 10:43:09
     info: DB connection successful
2024-07-08 10:43:10
     info: Listening on http://localhost:3000/
2024-07-08 10:43:11
     info: DB connection successful
2024-07-08 10:43:11
     info: Listening on http://localhost:3000/
2024-07-08 10:43:12
     info: DB connection successful
2024-07-08 10:43:29
     info: Listening on http://localhost:3000/
2024-07-08 10:43:30
     info: DB connection successful
2024-07-08 10:49:11
     info: Listening on http://localhost:3000/
2024-07-08 10:49:12
     info: DB connection successful
2024-07-08 10:49:14
     info: Listening on http://localhost:3000/
2024-07-08 10:49:15
     info: DB connection successful
2024-07-08 10:49:18
     info: Listening on http://localhost:3000/
2024-07-08 10:49:18
     info: DB connection successful
2024-07-08 10:55:38
     info: Listening on http://localhost:3000/
2024-07-08 10:55:39
     info: DB connection successful
2024-07-08 10:55:41
     info: Listening on http://localhost:3000/
2024-07-08 10:55:42
     info: DB connection successful
2024-07-08 10:55:49
     info: Listening on http://localhost:3000/
2024-07-08 10:55:49
     info: DB connection successful
2024-07-08 10:56:04
     info: Listening on http://localhost:3000/
2024-07-08 10:56:05
     info: DB connection successful
2024-07-08 10:56:12
     info: Listening on http://localhost:3000/
2024-07-08 10:56:13
     info: DB connection successful
2024-07-08 10:57:56
     info: Listening on http://localhost:3000/
2024-07-08 10:57:57
     info: DB connection successful
2024-07-08 10:58:00
     info: Listening on http://localhost:3000/
2024-07-08 10:58:01
     info: DB connection successful
2024-07-09 10:38:50
     info: Listening on http://localhost:3000/
2024-07-09 10:38:50
     info: DB connection successful
2024-07-09 10:39:29
     info: Listening on http://localhost:3000/
2024-07-09 10:39:29
     info: DB connection successful
2024-07-09 10:40:38
     info: Listening on http://localhost:3000/
2024-07-09 10:40:39
     info: DB connection successful
2024-07-09 10:40:57
     info: Listening on http://localhost:3000/
2024-07-09 10:40:57
     info: Listening on http://localhost:3000/
2024-07-09 10:40:58
     info: DB connection successful
2024-07-09 10:54:26
     info: Listening on http://localhost:3000/
2024-07-09 10:54:27
     info: Listening on http://localhost:3000/
2024-07-09 10:54:28
     info: DB connection successful
2024-07-09 10:56:23
     info: Listening on http://localhost:3000/
2024-07-09 10:56:24
     info: DB connection successful
2024-07-09 10:57:17
     info: Listening on http://localhost:3000/
2024-07-09 10:57:18
     info: DB connection successful
2024-07-09 10:59:44
     info: Listening on http://localhost:3000/
2024-07-09 10:59:45
     info: DB connection successful
2024-07-09 11:00:11
     info: Listening on http://localhost:3000/
2024-07-09 11:00:12
     info: DB connection successful
2024-07-09 11:00:53
     info: Listening on http://localhost:3000/
2024-07-09 11:00:58
     info: DB connection successful
2024-07-09 11:03:58
     info: Listening on http://localhost:3000/
2024-07-09 11:03:59
     info: DB connection successful
2024-07-09 11:11:14
     info: Listening on http://localhost:3000/
2024-07-09 11:11:15
     info: DB connection successful
2024-07-10 12:43:01
     info: Listening on http://localhost:3000/
2024-07-10 12:43:01
     info: Listening on http://localhost:3000/
2024-07-10 12:43:02
     info: DB connection successful
2024-07-10 12:43:07
     info: Listening on http://localhost:3000/
2024-07-10 12:43:08
     info: DB connection successful
2024-07-10 12:43:10
     info: Listening on http://localhost:3000/
2024-07-10 12:43:11
     info: DB connection successful
2024-07-10 12:43:27
     info: Listening on http://localhost:3000/
2024-07-10 12:43:28
     info: DB connection successful
2024-07-10 12:43:29
     info: Listening on http://localhost:3000/
2024-07-10 12:43:29
     info: DB connection successful
2024-07-10 12:43:32
     info: Listening on http://localhost:3000/
2024-07-10 12:43:33
     info: DB connection successful
2024-07-10 12:43:38
     info: Listening on http://localhost:3000/
2024-07-10 12:43:39
     info: DB connection successful
2024-07-10 12:43:41
     info: Listening on http://localhost:3000/
2024-07-10 12:43:42
     info: DB connection successful
2024-07-10 12:43:43
     info: Listening on http://localhost:3000/
2024-07-10 12:43:44
     info: DB connection successful
2024-07-10 12:43:46
     info: Listening on http://localhost:3000/
2024-07-10 12:43:46
     info: DB connection successful
2024-07-10 12:43:50
     info: Listening on http://localhost:3000/
2024-07-10 12:43:51
     info: DB connection successful
2024-07-10 12:43:52
     info: Listening on http://localhost:3000/
2024-07-10 12:43:53
     info: DB connection successful
2024-07-10 12:43:59
     info: Listening on http://localhost:3000/
2024-07-10 12:44:00
     info: DB connection successful
2024-07-10 12:49:57
     info: Listening on http://localhost:3000/
2024-07-10 12:49:58
     info: DB connection successful
2024-07-10 12:53:30
     info: Listening on http://localhost:3000/
2024-07-10 12:53:31
     info: DB connection successful
2024-07-10 12:54:01
     info: Listening on http://localhost:3000/
2024-07-10 12:54:01
     info: DB connection successful
2024-07-10 12:54:07
     info: Listening on http://localhost:3000/
2024-07-10 12:54:08
     info: DB connection successful
2024-07-10 12:54:14
     info: Listening on http://localhost:3000/
2024-07-10 12:54:15
     info: DB connection successful
2024-07-10 12:54:18
     info: Listening on http://localhost:3000/
2024-07-10 12:54:19
     info: DB connection successful
2024-07-10 12:54:24
     info: Listening on http://localhost:3000/
2024-07-10 12:54:25
     info: DB connection successful
2024-07-10 12:54:33
     info: Listening on http://localhost:3000/
2024-07-10 12:54:34
     info: DB connection successful
2024-07-10 12:54:37
     info: Listening on http://localhost:3000/
2024-07-10 12:54:37
     info: DB connection successful
2024-07-10 12:54:38
     info: Listening on http://localhost:3000/
2024-07-10 12:54:39
     info: DB connection successful
2024-07-10 12:54:40
     info: Listening on http://localhost:3000/
2024-07-10 12:54:41
     info: DB connection successful
2024-07-10 12:54:46
     info: Listening on http://localhost:3000/
2024-07-10 12:54:46
     info: Listening on http://localhost:3000/
2024-07-10 12:54:47
     info: DB connection successful
2024-07-10 12:54:56
     info: Listening on http://localhost:3000/
2024-07-10 12:54:57
     info: DB connection successful
2024-07-10 12:55:23
     info: Listening on http://localhost:3000/
2024-07-10 12:55:23
     info: DB connection successful
2024-07-10 12:55:27
     info: Listening on http://localhost:3000/
2024-07-10 12:55:28
     info: DB connection successful
2024-07-10 12:55:29
     info: Listening on http://localhost:3000/
2024-07-10 12:55:30
     info: DB connection successful
2024-07-10 12:55:31
     info: Listening on http://localhost:3000/
2024-07-10 12:55:31
     info: DB connection successful
2024-07-10 12:55:33
     info: Listening on http://localhost:3000/
2024-07-10 12:55:34
     info: DB connection successful
2024-07-10 12:55:37
     info: Listening on http://localhost:3000/
2024-07-10 12:55:38
     info: DB connection successful
2024-07-10 12:55:40
     info: Listening on http://localhost:3000/
2024-07-10 12:55:41
     info: DB connection successful
2024-07-10 12:56:22
     info: Listening on http://localhost:3000/
2024-07-10 12:56:23
     info: DB connection successful
2024-07-10 12:56:26
     info: Listening on http://localhost:3000/
2024-07-10 12:56:27
     info: DB connection successful
2024-07-10 12:56:35
     info: Listening on http://localhost:3000/
2024-07-10 12:56:36
     info: DB connection successful
2024-07-10 12:56:38
     info: Listening on http://localhost:3000/
2024-07-10 12:56:39
     info: DB connection successful
2024-07-10 12:56:55
     info: Listening on http://localhost:3000/
2024-07-10 12:56:56
     info: DB connection successful
2024-07-10 12:57:01
     info: Listening on http://localhost:3000/
2024-07-10 12:57:02
     info: DB connection successful
2024-07-10 12:58:03
     info: Listening on http://localhost:3000/
2024-07-10 12:58:03
     info: DB connection successful
2024-07-10 12:58:04
     info: Listening on http://localhost:3000/
2024-07-10 12:58:05
     info: DB connection successful
2024-07-10 12:58:13
     info: Listening on http://localhost:3000/
2024-07-10 12:58:14
     info: DB connection successful
2024-07-10 12:58:15
     info: Listening on http://localhost:3000/
2024-07-10 12:58:15
     info: DB connection successful
2024-07-10 12:59:44
     info: Listening on http://localhost:3000/
2024-07-10 12:59:45
     info: DB connection successful
2024-07-10 13:06:36
     info: Listening on http://localhost:3000/
2024-07-10 13:06:37
     info: DB connection successful
2024-07-10 13:06:43
     info: Listening on http://localhost:3000/
2024-07-10 13:06:43
     info: DB connection successful
2024-07-10 13:06:45
     info: Listening on http://localhost:3000/
2024-07-10 13:06:46
     info: DB connection successful
2024-07-10 13:06:48
     info: Listening on http://localhost:3000/
2024-07-10 13:06:49
     info: DB connection successful
2024-07-10 13:06:52
     info: Listening on http://localhost:3000/
2024-07-10 13:06:53
     info: DB connection successful
2024-07-10 13:06:53
     info: Listening on http://localhost:3000/
2024-07-10 13:06:54
     info: Listening on http://localhost:3000/
2024-07-10 13:06:55
     info: DB connection successful
2024-07-10 13:07:00
     info: Listening on http://localhost:3000/
2024-07-10 13:07:01
     info: DB connection successful
2024-07-10 13:07:02
     info: Listening on http://localhost:3000/
2024-07-10 13:07:02
     info: DB connection successful
2024-07-10 13:07:11
     info: Listening on http://localhost:3000/
2024-07-10 13:07:12
     info: DB connection successful
2024-07-10 13:07:15
     info: Listening on http://localhost:3000/
2024-07-10 13:07:16
     info: DB connection successful
2024-07-10 13:07:17
     info: Listening on http://localhost:3000/
2024-07-10 13:07:18
     info: DB connection successful
2024-07-10 13:07:20
     info: Listening on http://localhost:3000/
2024-07-10 13:07:21
     info: DB connection successful
2024-07-10 13:07:24
     info: Listening on http://localhost:3000/
2024-07-10 13:07:25
     info: DB connection successful
2024-07-10 13:07:27
     info: Listening on http://localhost:3000/
2024-07-10 13:07:28
     info: DB connection successful
2024-07-10 13:07:31
     info: Listening on http://localhost:3000/
2024-07-10 13:07:32
     info: DB connection successful
2024-07-10 13:07:35
     info: Listening on http://localhost:3000/
2024-07-10 13:07:36
     info: DB connection successful
2024-07-10 13:07:39
     info: Listening on http://localhost:3000/
2024-07-10 13:07:40
     info: DB connection successful
2024-07-10 13:07:41
     info: Listening on http://localhost:3000/
2024-07-10 13:07:42
     info: DB connection successful
2024-07-10 13:07:43
     info: Listening on http://localhost:3000/
2024-07-10 13:07:44
     info: DB connection successful
2024-07-10 13:07:49
     info: Listening on http://localhost:3000/
2024-07-10 13:07:50
     info: DB connection successful
2024-07-10 13:07:52
     info: Listening on http://localhost:3000/
2024-07-10 13:07:53
     info: DB connection successful
2024-07-10 13:07:54
     info: Listening on http://localhost:3000/
2024-07-10 13:07:55
     info: DB connection successful
2024-07-10 13:07:58
     info: Listening on http://localhost:3000/
2024-07-10 13:07:59
     info: DB connection successful
2024-07-10 13:08:02
     info: Listening on http://localhost:3000/
2024-07-10 13:08:03
     info: DB connection successful
2024-07-10 13:08:08
     info: Listening on http://localhost:3000/
2024-07-10 13:08:08
     info: Listening on http://localhost:3000/
2024-07-10 13:08:09
     info: DB connection successful
2024-07-10 13:08:22
     info: Listening on http://localhost:3000/
2024-07-10 13:08:22
     info: DB connection successful
2024-07-10 13:08:24
     info: Listening on http://localhost:3000/
2024-07-10 13:08:24
     info: DB connection successful
2024-07-10 13:08:26
     info: Listening on http://localhost:3000/
2024-07-10 13:08:27
     info: DB connection successful
2024-07-10 13:08:29
     info: Listening on http://localhost:3000/
2024-07-10 13:08:29
     info: DB connection successful
2024-07-10 13:08:36
     info: Listening on http://localhost:3000/
2024-07-10 13:08:37
     info: DB connection successful
2024-07-10 13:08:38
     info: Listening on http://localhost:3000/
2024-07-10 13:08:39
     info: DB connection successful
2024-07-10 13:08:44
     info: Listening on http://localhost:3000/
2024-07-10 13:08:45
     info: DB connection successful
2024-07-10 13:08:46
     info: Listening on http://localhost:3000/
2024-07-10 13:08:47
     info: DB connection successful
2024-07-10 13:08:48
     info: Listening on http://localhost:3000/
2024-07-10 13:08:49
     info: DB connection successful
2024-07-10 13:08:51
     info: Listening on http://localhost:3000/
2024-07-10 13:08:52
     info: Listening on http://localhost:3000/
2024-07-10 13:08:53
     info: Listening on http://localhost:3000/
2024-07-10 13:08:54
     info: DB connection successful
2024-07-10 13:08:59
     info: Listening on http://localhost:3000/
2024-07-10 13:09:00
     info: DB connection successful
2024-07-10 13:09:08
     info: Listening on http://localhost:3000/
2024-07-10 13:09:09
     info: DB connection successful
2024-07-10 13:09:11
     info: Listening on http://localhost:3000/
2024-07-10 13:09:12
     info: DB connection successful
2024-07-10 13:11:28
     info: Listening on http://localhost:3000/
2024-07-10 13:11:29
     info: DB connection successful
2024-07-10 13:12:06
     info: Listening on http://localhost:3000/
2024-07-10 13:12:07
     info: Listening on http://localhost:3000/
2024-07-10 13:12:08
     info: Listening on http://localhost:3000/
2024-07-10 13:12:09
     info: DB connection successful
2024-07-10 13:16:00
     info: Listening on http://localhost:3000/
2024-07-10 13:16:01
     info: DB connection successful
2024-07-10 13:17:08
     info: Listening on http://localhost:3000/
2024-07-10 13:17:09
     info: DB connection successful
2024-07-10 13:19:38
     info: Listening on http://localhost:3000/
2024-07-10 13:19:39
     info: DB connection successful
2024-07-10 13:24:44
     info: Listening on http://localhost:3000/
2024-07-10 13:24:45
     info: DB connection successful
2024-07-10 13:24:45
     info: Listening on http://localhost:3000/
2024-07-10 13:24:46
     info: DB connection successful
2024-07-10 13:24:47
     info: Listening on http://localhost:3000/
2024-07-10 13:24:48
     info: Listening on http://localhost:3000/
2024-07-10 13:24:48
     info: DB connection successful
2024-07-10 13:29:03
     info: Listening on http://localhost:3000/
2024-07-10 13:29:04
     info: DB connection successful
2024-07-10 13:31:34
     info: Listening on http://localhost:3000/
2024-07-10 13:31:35
     info: DB connection successful
2024-07-10 13:31:38
     info: Listening on http://localhost:3000/
2024-07-10 13:31:38
     info: DB connection successful
2024-07-10 13:31:44
     info: Listening on http://localhost:3000/
2024-07-10 13:31:45
     info: DB connection successful
2024-07-10 13:34:18
     info: Listening on http://localhost:3000/
2024-07-10 13:34:19
     info: DB connection successful
2024-07-10 13:35:10
     info: Listening on http://localhost:3000/
2024-07-10 13:35:11
     info: DB connection successful
2024-07-10 13:35:33
     info: Listening on http://localhost:3000/
2024-07-10 13:35:34
     info: DB connection successful
2024-07-10 13:41:33
     info: Listening on http://localhost:3000/
2024-07-10 13:41:34
     info: DB connection successful
2024-07-10 13:41:38
     info: Listening on http://localhost:3000/
2024-07-10 13:41:39
     info: DB connection successful
2024-07-10 13:44:36
     info: Listening on http://localhost:3000/
2024-07-10 13:44:37
     info: DB connection successful
2024-07-10 13:46:05
     info: Listening on http://localhost:3000/
2024-07-10 13:46:06
     info: DB connection successful
2024-07-10 13:46:54
     info: Listening on http://localhost:3000/
2024-07-10 13:46:55
     info: DB connection successful
2024-07-10 13:46:58
     info: Listening on http://localhost:3000/
2024-07-10 13:46:59
     info: DB connection successful
2024-07-10 20:07:29
     info: Listening on http://localhost:3000/
2024-07-10 20:07:29
     info: DB connection successful
2024-07-10 20:16:10
     info: Listening on http://localhost:3000/
2024-07-10 20:16:10
     info: Listening on http://localhost:3000/
2024-07-10 20:16:11
     info: DB connection successful
2024-07-10 20:16:16
     info: Listening on http://localhost:3000/
2024-07-10 20:16:17
     info: DB connection successful
2024-07-10 20:16:24
     info: Listening on http://localhost:3000/
2024-07-10 20:16:25
     info: DB connection successful
2024-07-10 20:18:50
     info: Listening on http://localhost:3000/
2024-07-10 20:18:51
     info: DB connection successful
2024-07-10 20:18:53
     info: Listening on http://localhost:3000/
2024-07-10 20:18:54
     info: DB connection successful
2024-07-10 20:19:35
     info: Listening on http://localhost:3000/
2024-07-10 20:19:36
     info: DB connection successful
2024-07-10 20:20:43
     info: Listening on http://localhost:3000/
2024-07-10 20:20:44
     info: DB connection successful
2024-07-10 20:21:54
     info: Listening on http://localhost:3000/
2024-07-10 20:21:55
     info: DB connection successful
2024-07-10 20:21:57
     info: Listening on http://localhost:3000/
2024-07-10 20:21:58
     info: DB connection successful
2024-07-10 20:22:03
     info: Listening on http://localhost:3000/
2024-07-10 20:22:04
     info: DB connection successful
2024-07-10 20:22:16
     info: Listening on http://localhost:3000/
2024-07-10 20:22:16
     info: DB connection successful
2024-07-10 20:22:51
     info: Listening on http://localhost:3000/
2024-07-10 20:22:52
     info: DB connection successful
2024-07-10 20:23:29
     info: Listening on http://localhost:3000/
2024-07-10 20:23:30
     info: Listening on http://localhost:3000/
2024-07-10 20:23:31
     info: DB connection successful
2024-07-10 20:23:32
     info: Listening on http://localhost:3000/
2024-07-10 20:23:33
     info: DB connection successful
2024-07-10 20:23:38
     info: Listening on http://localhost:3000/
2024-07-10 20:23:39
     info: DB connection successful
2024-07-10 20:23:59
     info: Listening on http://localhost:3000/
2024-07-10 20:23:59
     info: DB connection successful
2024-07-10 23:03:00
     info: Listening on http://localhost:3000/
2024-07-10 23:03:01
     info: DB connection successful
